-------------------------------------------------------------------------------
Test set: TestSuite
-------------------------------------------------------------------------------
Tests run: 3, Failures: 1, Errors: 0, Skipped: 2, Time elapsed: 15.461 s <<< FAILURE! - in TestSuite
setUp(LoginTest)  Time elapsed: 5.331 s  <<< FAILURE!
java.lang.NullPointerException: null value in entry: url=null
	at LoginTest.setUp(LoginTest.java:19)

