<?xml version="1.0" encoding="UTF-8"?>
<!-- Generated by org.testng.reporters.JUnitXMLReporter -->
<testsuite hostname="Kwans-MacBook-Pro-2.local" ignored="0" tests="1" failures="0" timestamp="06 mar 2019 19:54:28 GMT" time="4.903" errors="0">
  <testcase name="@BeforeClass setUp" time="4.866" classname="LoginTest">
    <failure type="java.lang.NullPointerException" message="null value in entry: url=null">
      <![CDATA[java.lang.NullPointerException: null value in entry: url=null
at com.google.common.collect.CollectPreconditions.checkEntryNotNull(CollectPreconditions.java:32)
at com.google.common.collect.SingletonImmutableBiMap.<init>(SingletonImmutableBiMap.java:42)
at com.google.common.collect.ImmutableBiMap.of(ImmutableBiMap.java:72)
at com.google.common.collect.ImmutableMap.of(ImmutableMap.java:124)
at org.openqa.selenium.remote.RemoteWebDriver.get(RemoteWebDriver.java:277)
at LoginTest.setUp(LoginTest.java:19)
... Removed 30 stack frames]]>
    </failure>
  </testcase> <!-- @BeforeClass setUp -->
  <testcase name="@AfterClass cleanUp" time="0.0" classname="LoginTest">
    <skipped/>
  </testcase> <!-- @AfterClass cleanUp -->
  <testcase name="login" time="0.0" classname="LoginTest">
    <skipped/>
  </testcase> <!-- login -->
</testsuite>
